<?xml version="1.0" encoding="UTF-8"?>
<!-- Generated by org.testng.reporters.JUnitXMLReporter -->
<testsuite ignored="0" hostname="DESKTOP-FIOVNQL" failures="0" tests="4" name="Test" time="0.147" errors="0" timestamp="2022-07-29T12:53:58 IST">
  <testcase classname="testcases.TestCasesGroup" name="test1" time="0.031"/>
  <testcase classname="testcases.TestCasesGroup" name="test2" time="0.008"/>
  <testcase classname="testcases.TestCasesGroup" name="test3" time="0.003"/>
  <testcase classname="testcases.TestCasesGroup" name="test4" time="0.004"/>
</testsuite> <!-- Test -->
